<?xml version="1.0" encoding="UTF-8"?>
<!-- Generated by org.testng.reporters.JUnitReportReporter -->
<testsuite hostname="John-PC" name="org.gradle.InformationTest" tests="12" failures="0" timestamp="23 Jun 2015 02:25:58 GMT" time="0.022" errors="0">
  <testcase name="getPlaceOfBirth" time="0.001" classname="org.gradle.InformationTest"/>
  <testcase name="getLastName" time="0.000" classname="org.gradle.InformationTest"/>
  <testcase name="getCurrentAddress" time="0.015" classname="org.gradle.InformationTest"/>
  <testcase name="setMiddleName" time="0.001" classname="org.gradle.InformationTest"/>
  <testcase name="setPlaceOfBirth" time="0.001" classname="org.gradle.InformationTest"/>
  <testcase name="getPlaceOfDeath" time="0.001" classname="org.gradle.InformationTest"/>
  <testcase name="setFirstName" time="0.000" classname="org.gradle.InformationTest"/>
  <testcase name="setCurrentAddress" time="0.000" classname="org.gradle.InformationTest"/>
  <testcase name="setLastName" time="0.001" classname="org.gradle.InformationTest"/>
  <testcase name="getFirstName" time="0.001" classname="org.gradle.InformationTest"/>
  <testcase name="getMiddleName" time="0.000" classname="org.gradle.InformationTest"/>
  <testcase name="setPlaceOfDeath" time="0.001" classname="org.gradle.InformationTest"/>
</testsuite> <!-- org.gradle.InformationTest -->
