<?xml version="1.0" encoding="UTF-8"?>
<!-- Generated by org.testng.reporters.JUnitReportReporter -->
<testsuite hostname="John-PC" name="org.gradle.JsonTest" tests="2" failures="0" timestamp="23 Jun 2015 21:35:45 GMT" time="0.078" errors="0">
  <testcase name="loadAllRecords" time="0.062" classname="org.gradle.JsonTest"/>
  <testcase name="saveRecords" time="0.016" classname="org.gradle.JsonTest"/>
</testsuite> <!-- org.gradle.JsonTest -->
